<?xml version="1.0" encoding="UTF-8"?>
<!-- Generated by org.testng.reporters.JUnitReportReporter -->
<testsuite hostname="LAPTOP-FRR416C2" failures="0" tests="1" name="extentReports.AddScreenShot" time="6.761" errors="0" timestamp="2025-02-20T18:49:22 IST" skipped="0">
  <testcase classname="extentReports.AddScreenShot" name="addingScreenshot" time="6.761"/>
  <system-out/>
</testsuite> <!-- extentReports.AddScreenShot -->
